C51 COMPILER V9.54   MAIN                                                                  12/26/2022 19:20:58 PAGE 1   


C51 COMPILER V9.54, COMPILATION OF MODULE MAIN
OBJECT MODULE PLACED IN .\Objects\main.obj
COMPILER INVOKED BY: D:\keil5\C51\BIN\C51.EXE main.c OPTIMIZE(8,SPEED) BROWSE DEBUG OBJECTEXTEND PRINT(.\Listings\main.l
                    -st) TABS(2) OBJECT(.\Objects\main.obj)

line level    source

   1          #include "stc15f2k60s2.h"
   2          
   3          
   4          #define TX P10 
   5          #define RX P11
   6          
   7          unsigned char tick_8ms,tick_20ms,SMG[8];//8ms时间标志 20ms时间标志 数码管刷新内容
   8          unsigned int juli=999;//测距距离 
   9          
  10          unsigned char code t_display[]={                       //标准字库
  11          //   0    1    2    3    4    5    6    7    8    9    A    B    C    D    E    F
  12              0x3F,0x06,0x5B,0x4F,0x66,0x6D,0x7D,0x07,0x7F,0x6F,0x77,0x7C,0x39,0x5E,0x79,0x71,
  13          //black  -     H    J    K    L    N    o   P    U     t    G    Q    r   M    y
  14              0x00,0x40,0x76,0x1E,0x70,0x38,0x37,0x5C,0x73,0x3E,0x78,0x3d,0x67,0x50,0x37,0x6e,
  15              0xBF,0x86,0xDB,0xCF,0xE6,0xED,0xFD,0x87,0xFF,0xEF,0x46};    //0. 1. 2. 3. 4. 5. 6. 7. 8. 9. -1
  16          
  17          unsigned char code T_COM[]={0x01,0x02,0x04,0x08,0x10,0x20,0x40,0x80};      //位码
  18          
  19          void Timer0Init(void)   //12微秒@12.000MHz
  20           {
  21   1        AUXR &= 0x7F;   //定时器时钟12T模式
  22   1        TMOD &= 0xF0;   //设置定时器模式
  23   1        TL0 = 0xF4;   //设置定时初值
  24   1        TH0 = 0xFF;   //设置定时初值
  25   1        TF0 = 0;    //清除TF0标志
  26   1        TR0 = 1;    //定时器0开始计时
  27   1      }
  28          
  29          void Timer2Init(void)   //12微秒@12.000MHz
  30          {
  31   1        AUXR |= 0x04;   //定时器时钟1T模式
  32   1        T2L = 0x70;   //设置定时初值
  33   1        T2H = 0xFF;   //设置定时初值
  34   1        AUXR |= 0x10;   //定时器2开始计时
  35   1        ET2=1;
*** ERROR C202 IN LINE 35 OF main.c: 'ET2': undefined identifier
  36   1        
  37   1      }
  38          
  39          
  40          
  41          
  42          unsigned int ceju(void)//测量物体距离
  43          {
  44   1        unsigned char a=10;//脉冲数量-长度
  45   1        unsigned int juli=0;
  46   1        Timer0Init();
  47   1        TX=0;//关闭发送脉冲
  48   1        
  49   1        while(a--)//发送十个脉冲
  50   1        {
  51   2          while(!TF0);//等待溢出  
  52   2          TX=1;//开始发送脉冲
  53   2          TF0=0;//清零溢出标志位
C51 COMPILER V9.54   MAIN                                                                  12/26/2022 19:20:58 PAGE 2   

  54   2        }
  55   1          TR0=0;//关闭定时器0
  56   1        
  57   1          TH0=0;//定时器0高位清零
  58   1          TL0=0;//定时器0低位清零
  59   1        
  60   1          TR0=1;//打开定时器0开始计时
  61   1        
  62   1        while(RX&&!TF0);//当RX接收到脉冲或者TF0溢出时继续
  63   1        if(TF0==1){juli=999;}//TF0溢出距离设为无穷大即为999cm
  64   1        else{juli=((TH0<<8)+TL0)*0.017;}//根据距离时间公式计算实际距离
  65   1        
  66   1        TR0=0;//关闭定时器0   
  67   1        return juli;
  68   1      }
  69          
  70          
  71          
  72          void smg (unsigned char duan,unsigned char wei)//数码管刷新单元
  73          {
  74   1      P0=0XFF;
  75   1      P2=0XC0;P0=T_COM[duan];P2=0X00;
  76   1      P2=0XE0;P0=~t_display[wei];P2=0X00;
  77   1      }
  78          
  79          void Timer1Init(void)   //1毫秒@12.000MHz
  80          {
  81   1        AUXR |= 0x40;   //定时器时钟1T模式
  82   1        TMOD &= 0x0F;   //设置定时器模式
  83   1        TL1 = 0x20;   //设置定时初值
  84   1        TH1 = 0xD1;   //设置定时初值
  85   1        TF1 = 0;    //清除TF1标志
  86   1        TR1 = 1;    //定时器1开始计时
  87   1        ET1=1;
  88   1        EA=1;
  89   1      }
  90          
  91          void display_distance (void)
  92          {
  93   1      SMG[0]=17;
  94   1      SMG[1]=17;
  95   1      SMG[2]=17;
  96   1      SMG[3]=17;
  97   1      SMG[4]=17;
  98   1      SMG[5]=juli/100%10;
  99   1      SMG[6]=juli/10%10;
 100   1      SMG[7]=juli%10;
 101   1      }
 102          
 103          void Task (void)
 104          {
 105   1      if(tick_20ms>=20)
 106   1      {
 107   2      tick_20ms=0;
 108   2        juli=ceju();
 109   2        display_distance();
 110   2      } 
 111   1      }
 112          
 113          
 114          int main (void)
 115          {
C51 COMPILER V9.54   MAIN                                                                  12/26/2022 19:20:58 PAGE 3   

 116   1      P2=0X80;P0=0XFF;P2=0X00;//关闭LED外设
 117   1      P2=0XA0;P0=0X00;P2=0X00;//关闭继电器蜂鸣器外设
 118   1      
 119   1      Timer1Init();//任务调度定时器初始化
 120   1      while(1)
 121   1      { 
 122   2      Task();
 123   2      }
 124   1        
 125   1      }
 126          
 127          void server () interrupt 3
 128          {
 129   1      tick_8ms++;if(tick_8ms==8){tick_8ms=0;}//数码管扫描标志位
 130   1      tick_20ms++;//任务调度20ms测一次距离
 131   1      
 132   1      smg(tick_8ms,SMG[tick_8ms]);//数码管更新  
 133   1      }

C51 COMPILATION COMPLETE.  0 WARNING(S),  1 ERROR(S)
