C51 COMPILER V9.54   MAIN                                                                  12/27/2022 15:01:44 PAGE 1   


C51 COMPILER V9.54, COMPILATION OF MODULE MAIN
OBJECT MODULE PLACED IN .\Objects\main.obj
COMPILER INVOKED BY: D:\keil5\C51\BIN\C51.EXE main.c OPTIMIZE(8,SPEED) BROWSE DEBUG OBJECTEXTEND PRINT(.\Listings\main.l
                    -st) TABS(2) OBJECT(.\Objects\main.obj)

line level    source

   1          #include "STC15F2K60S2.H"
   2          
   3          char tik8ms; //ʱ־λа˸״̬ÿ˺һ
   4          char smg[8];// 洢ÿʾĶʾʲôοt_display
   5          
   6          
   7          //üԴSTCISPлȡϽǱ -> STC壨4ʾ-> H595
             - > C
   8          
   9          /*************  س    **************/
  10          char t_display[]={                       //׼ֿ
  11          //   0    1    2    3    4    5    6    7    8    9    A    B    C    D    E    F
  12              0x3F,0x06,0x5B,0x4F,0x66,0x6D,0x7D,0x07,0x7F,0x6F,0x77,0x7C,0x39,0x5E,0x79,0x71,
  13          //black  -     H    J    K    L    N    o   P    U     t    G    Q    r   M    y
  14              0x00,0x40,0x76,0x1E,0x70,0x38,0x37,0x5C,0x73,0x3E,0x78,0x3d,0x67,0x50,0x37,0x6e,
  15              0xBF,0x86,0xDB,0xCF,0xE6,0xED,0xFD,0x87,0xFF,0xEF,0x46};    //0. 1. 2. 3. 4. 5. 6. 7. 8. 9. -1
  16          
  17          char T_COM[]={0x01,0x02,0x04,0x08,0x10,0x20,0x40,0x80}; //λ
  18          
  19          
  20          
  21          
  22          
  23          //ʱÿԴSTCISPеĶʱл 1ms 16λԶ 1Tָ
  24          //עҪӣ  ET1 = 1; EA = 1;
  25          void Timer1Init(void)   //1@12.000MHz
  26          {
  27   1        AUXR |= 0x40;   //ʱʱ1Tģʽ
  28   1        TMOD &= 0x0F;   //öʱģʽ
  29   1        TL1 = 0x20;   //öʱֵ
  30   1        TH1 = 0xD1;   //öʱֵ
  31   1        TF1 = 0;    //TF1־
  32   1        TR1 = 1;    //ʱ1ʼʱ
  33   1        ET1 = 1;                           //򿪶ʱһҪӣ
  34   1        EA = 1;                            //жϿأҪӣ
  35   1      }
  36          
  37          //ʾԪ
  38          void SMG(char wei,char number)
  39          {
  40   1      P2=0XC0;P0=T_COM[wei];P2=0X00; //ѡ 
  41   1      P2=0XE0;P0=~t_display[number];P2=0X00;//λѡעSTCṩǹʹʱעȡ
  42   1      P0=0X00; //Ӱ
  43   1      }
  44          
  45          int main (void)
  46          {
  47   1      int i;//ʾãforѭʹõı
  48   1        
  49   1      P2=0X80;P0=0XFF;P2=0X00;//رLED
  50   1      P2=0XA0;P0=0X00;P2=0X00;//رռ̵ͷ
  51   1      Timer1Init();//ʱһʼ
  52   1      while(1)
  53   1      {
C51 COMPILER V9.54   MAIN                                                                  12/27/2022 15:01:44 PAGE 2   

  54   2        
  55   2      //ʹÿֱӸsmg[0-7]ֵʵ־ĸʾĸ
  56   2        for(i=0;i<=7;i++)
  57   2        {
  58   3        smg[i]=i+1; //ʹ0ʾ1 1ʾ2 7ʾ8
  59   3        }
  60   2      
  61   2      }
  62   1      }
  63          
  64          
  65          
  66          void server ()interrupt 3  //ʱ1ֿ⵫ǺһҪ interrupt 3õ1msÿһ
             -ͻ˷
  67          {
  68   1      tik8ms=tik8ms+1;   //ÿһһ
  69   1      if(tik8ms==8)tik8ms=0; //޶0-7ѭ
  70   1      SMG(tik8ms,smg[tik8ms]); //ˢ 
  71   1      }


MODULE INFORMATION:   STATIC OVERLAYABLE
   CODE SIZE        =    141    ----
   CONSTANT SIZE    =   ----    ----
   XDATA SIZE       =   ----    ----
   PDATA SIZE       =   ----    ----
   DATA SIZE        =     60    ----
   IDATA SIZE       =   ----    ----
   BIT SIZE         =   ----    ----
END OF MODULE INFORMATION.


C51 COMPILATION COMPLETE.  0 WARNING(S),  0 ERROR(S)
