C51 COMPILER V9.54   DS1302                                                                02/23/2023 06:05:24 PAGE 1   


C51 COMPILER V9.54, COMPILATION OF MODULE DS1302
OBJECT MODULE PLACED IN .\Objects\ds1302.obj
COMPILER INVOKED BY: D:\keil5\C51\BIN\C51.EXE ds1302.c OPTIMIZE(8,SPEED) BROWSE DEBUG OBJECTEXTEND PRINT(.\Listings\ds13
                    -02.lst) TABS(2) OBJECT(.\Objects\ds1302.obj)

line level    source

   1          #include "ds1302.h"                   
   2          
   3          #include <reg52.h>
   4          #include <intrins.h>
   5          
   6          sbit SCK = P1^7;    
   7          sbit SDA = P2^3;    
   8          sbit RST = P1^3; 
   9          
  10          
  11          //
  12          void Write_Ds1302(unsigned  char temp) 
  13          {
  14   1        unsigned char i;
  15   1        for (i=0;i<8;i++)       
  16   1        { 
  17   2          SCK = 0;
  18   2          SDA = temp&0x01;
  19   2          temp>>=1; 
  20   2          SCK=1;
  21   2        }
  22   1      }   
  23          
  24          //
  25          void Write_Ds1302_Byte( unsigned char address,unsigned char dat )     
  26          {
  27   1        RST=0;  _nop_();
  28   1        SCK=0;  _nop_();
  29   1        RST=1;  _nop_();  
  30   1        Write_Ds1302(address);  
  31   1        Write_Ds1302(dat);    
  32   1        RST=0; 
  33   1      }
  34          
  35          unsigned char Read_Ds1302_Byte ( unsigned char address )
  36          {
  37   1        unsigned char i,temp=0x00;
  38   1        RST=0;  _nop_();
  39   1        SCK=0;  _nop_();
  40   1        RST=1;  _nop_();
  41   1        Write_Ds1302(address);
  42   1        for (i=0;i<8;i++)   
  43   1        {   
  44   2          SCK=0;
  45   2          temp>>=1; 
  46   2          if(SDA)
  47   2          temp|=0x80; 
  48   2          SCK=1;
  49   2        } 
  50   1        RST=0;  _nop_();
  51   1        SCK=0;  _nop_();
  52   1        SCK=1;  _nop_();
  53   1        SDA=0;  _nop_();
  54   1        SDA=1;  _nop_();
C51 COMPILER V9.54   DS1302                                                                02/23/2023 06:05:24 PAGE 2   

  55   1        return (temp);      
  56   1      }
  57          
  58          
  59          


MODULE INFORMATION:   STATIC OVERLAYABLE
   CODE SIZE        =     91    ----
   CONSTANT SIZE    =   ----    ----
   XDATA SIZE       =   ----    ----
   PDATA SIZE       =   ----    ----
   DATA SIZE        =   ----    ----
   IDATA SIZE       =   ----    ----
   BIT SIZE         =   ----    ----
END OF MODULE INFORMATION.


C51 COMPILATION COMPLETE.  0 WARNING(S),  0 ERROR(S)
