C51 COMPILER V9.54   IIC                                                                   02/23/2023 06:05:24 PAGE 1   


C51 COMPILER V9.54, COMPILATION OF MODULE IIC
OBJECT MODULE PLACED IN .\Objects\iic.obj
COMPILER INVOKED BY: D:\keil5\C51\BIN\C51.EXE iic.c OPTIMIZE(8,SPEED) BROWSE DEBUG OBJECTEXTEND PRINT(.\Listings\iic.lst
                    -) TABS(2) OBJECT(.\Objects\iic.obj)

line level    source

   1          #include "iic.h"
   2          
   3          #include "reg52.h"
   4          #include "intrins.h"
   5          
   6          sbit SDA = P2^1;
   7          sbit SCL = P2^0;
   8          
   9          #define DELAY_TIME 5
  10          
  11          //
  12          void IIC_Delay(unsigned char i)
  13          {
  14   1          do{_nop_();_nop_();_nop_();}
  15   1          while(i--);        
  16   1      }
  17          
  18          //
  19          void IIC_Start(void)
  20          {
  21   1          SDA = 1;
  22   1          SCL = 1;
  23   1          IIC_Delay(DELAY_TIME);
  24   1          SDA = 0;
  25   1          IIC_Delay(DELAY_TIME);
  26   1          SCL = 0;  
  27   1      }
  28          
  29          //
  30          void IIC_Stop(void)
  31          {
  32   1          SDA = 0;
  33   1          SCL = 1;
  34   1          IIC_Delay(DELAY_TIME);
  35   1          SDA = 1;
  36   1          IIC_Delay(DELAY_TIME);
  37   1      }
  38          
  39          //
  40          void IIC_SendAck(bit ackbit)
  41          {
  42   1          SCL = 0;
  43   1          SDA = ackbit;           
  44   1          IIC_Delay(DELAY_TIME);
  45   1          SCL = 1;
  46   1          IIC_Delay(DELAY_TIME);
  47   1          SCL = 0; 
  48   1          SDA = 1;
  49   1          IIC_Delay(DELAY_TIME);
  50   1      }
  51          
  52          //
  53          bit IIC_WaitAck(void)
  54          {
C51 COMPILER V9.54   IIC                                                                   02/23/2023 06:05:24 PAGE 2   

  55   1          bit ackbit;
  56   1        
  57   1          SCL  = 1;
  58   1          IIC_Delay(DELAY_TIME);
  59   1          ackbit = SDA;
  60   1          SCL = 0;
  61   1          IIC_Delay(DELAY_TIME);
  62   1          return ackbit;
  63   1      }
  64          
  65          //
  66          void IIC_SendByte(unsigned char byt)
  67          {
  68   1          unsigned char i;
  69   1      
  70   1          for(i=0; i<8; i++)
  71   1          {
  72   2              SCL  = 0;
  73   2              IIC_Delay(DELAY_TIME);
  74   2              if(byt & 0x80) SDA  = 1;
  75   2              else SDA  = 0;
  76   2              IIC_Delay(DELAY_TIME);
  77   2              SCL = 1;
  78   2              byt <<= 1;
  79   2              IIC_Delay(DELAY_TIME);
  80   2          }
  81   1          SCL  = 0;  
  82   1      }
  83          
  84          //
  85          unsigned char IIC_RecByte(void)
  86          {
  87   1          unsigned char i, da;
  88   1          for(i=0; i<8; i++)
  89   1          {   
  90   2            SCL = 1;
  91   2          IIC_Delay(DELAY_TIME);
  92   2          da <<= 1;
  93   2          if(SDA) da |= 1;
  94   2          SCL = 0;
  95   2          IIC_Delay(DELAY_TIME);
  96   2          }
  97   1          return da;    
  98   1      }
  99          
 100          //写24c02
 101          void write_24c02 (unsigned char addr,unsigned char dat)
 102          {
 103   1          IIC_Start();
 104   1          IIC_SendByte(0xa0);
 105   1          IIC_WaitAck();  
 106   1          IIC_SendByte(addr);
 107   1          IIC_WaitAck();  
 108   1          IIC_SendByte(dat);
 109   1          IIC_WaitAck();  
 110   1          IIC_Stop(); 
 111   1      }
 112          
 113          //读24c02
 114          unsigned char read_24c02 (unsigned char addr)
 115          {
 116   1          unsigned char temp;
C51 COMPILER V9.54   IIC                                                                   02/23/2023 06:05:24 PAGE 3   

 117   1          IIC_Start();
 118   1          IIC_SendByte(0xa0);
 119   1          IIC_WaitAck();  
 120   1          IIC_SendByte(addr);
 121   1          IIC_WaitAck();  
 122   1      
 123   1          IIC_Start();
 124   1          IIC_SendByte(0xa1);
 125   1          IIC_WaitAck();  
 126   1          temp=IIC_RecByte(); 
 127   1          IIC_WaitAck();
 128   1          IIC_Stop();
 129   1          return temp;
 130   1      }
 131          
 132          //dac输出
 133          void dac (unsigned char dat)
 134          {
 135   1          IIC_Start();
 136   1          IIC_SendByte(0x90);
 137   1          IIC_WaitAck();  
 138   1          IIC_SendByte(0x43);
 139   1          IIC_WaitAck();  
 140   1          IIC_SendByte(dat);
 141   1          IIC_WaitAck();  
 142   1          IIC_Stop(); 
 143   1      }
 144          
 145          //adc采集
 146          unsigned char adc (unsigned char addr)
 147          {
 148   1          unsigned char temp;
 149   1          IIC_Start();
 150   1          IIC_SendByte(0x90);
 151   1          IIC_WaitAck();  
 152   1          IIC_SendByte(addr);
 153   1          IIC_WaitAck();
 154   1              
 155   1          IIC_Start();
 156   1          IIC_SendByte(0x91);
 157   1          IIC_WaitAck();  
 158   1          temp=IIC_RecByte(); 
 159   1          IIC_WaitAck();  
 160   1          IIC_Stop(); 
 161   1          return temp;  
 162   1      }
 163          


MODULE INFORMATION:   STATIC OVERLAYABLE
   CODE SIZE        =    302    ----
   CONSTANT SIZE    =   ----    ----
   XDATA SIZE       =   ----    ----
   PDATA SIZE       =   ----    ----
   DATA SIZE        =   ----    ----
   IDATA SIZE       =   ----    ----
   BIT SIZE         =   ----       2
END OF MODULE INFORMATION.


C51 COMPILATION COMPLETE.  0 WARNING(S),  0 ERROR(S)
