C51 COMPILER V9.54   13137901                                                              12/12/2022 04:48:36 PAGE 1   


C51 COMPILER V9.54, COMPILATION OF MODULE 13137901
OBJECT MODULE PLACED IN .\Objects\13137901.obj
COMPILER INVOKED BY: D:\keil5\C51\BIN\C51.EXE 13137901.c OPTIMIZE(8,SPEED) BROWSE DEBUG OBJECTEXTEND PRINT(.\Listings\13
                    -137901.lst) TABS(2) OBJECT(.\Objects\13137901.obj)

line level    source

   1          #include <STC15F2K60S2.H>
   2          
   3          bit L1,L2,L3,L4,L5,L6,L7,L8;//LED标志、
   4          bit relay;
   5          int time_1s,time;
   6          
   7          void led_set (void)//led控制
   8          {
   9   1      P0=0XFF;//消影
  10   1      P2=0X80;//选择Y4C
  11   1      if(L1==1){P00=0;}if(L1==0){P00=1;}
  12   1      if(L2==1){P01=0;}if(L2==0){P01=1;}  
  13   1      if(L3==1){P02=0;}if(L3==0){P02=1;}
  14   1      if(L4==1){P03=0;}if(L4==0){P03=1;}
  15   1      if(L5==1){P04=0;}if(L5==0){P04=1;}  
  16   1      if(L6==1){P05=0;}if(L6==0){P05=1;}
  17   1      if(L7==1){P06=0;}if(L7==0){P06=1;}
  18   1      if(L8==1){P07=0;}if(L8==0){P07=1;}  
  19   1      P2=0X00;
  20   1      }
  21          
  22          void buzz_set (void)
  23          {
  24   1      P0=0x00;
  25   1      P2=0xa0;
  26   1      if(relay==1){P04=1;}if(relay==0){P04=0;}  
  27   1      P2=0X00;  
  28   1      }
  29          
  30          
  31          void Timer1Init(void)   //1毫秒@12.000MHz
  32          {
  33   1        AUXR |= 0x40;   //定时器时钟1T模式
  34   1        TMOD &= 0x0F;   //设置定时器模式
  35   1        TL1 = 0x20;   //设置定时初值
  36   1        TH1 = 0xD1;   //设置定时初值
  37   1        TF1 = 0;    //清除TF1标志
  38   1        TR1 = 1;    //定时器1开始计时
  39   1        EA=1;
  40   1        ET1=1;
  41   1      }
  42          
  43          
  44          
  45          
  46          int main ()
  47          {
  48   1        P2=0X80;P0=0XFF;P2=0X00;//关闭LED
  49   1        P2=0XA0;P0=0X00;P2=0X00;//关闭蜂鸣器继电器
  50   1      Timer1Init(); 
  51   1        
  52   1      while (1)
  53   1      {
  54   2      
C51 COMPILER V9.54   13137901                                                              12/12/2022 04:48:36 PAGE 2   

  55   2      if(time==1)L1=1;  
  56   2      if(time==2)L2=1;  
  57   2      if(time==3)L3=1;  
  58   2      if(time==4)L4=1;  
  59   2      if(time==5)L5=1;  
  60   2      if(time==6)L6=1;  
  61   2      if(time==7)L7=1;  
  62   2      if(time==8)L8=1;  
  63   2      
  64   2      if(time==11)L8=0; 
  65   2      if(time==12)L7=0; 
  66   2      if(time==13)L6=0; 
  67   2      if(time==14)L5=0; 
  68   2      if(time==15)L4=0; 
  69   2      if(time==16)L3=0; 
  70   2      if(time==17)L2=0; 
  71   2      if(time==18)L1=0;
  72   2      
  73   2      if(time==20)relay=1;  
  74   2      if(time==23){relay=0;time=0;}
  75   2        
  76   2      }
  77   1      }
  78          
  79          void Server (void) interrupt 3
  80          {
  81   1      time_1s++;if(time_1s==1000){time_1s=0;time++;}
  82   1      led_set();
  83   1      buzz_set ();
  84   1      }
  85          
  86          
  87          
  88          
  89          
  90          
  91          


MODULE INFORMATION:   STATIC OVERLAYABLE
   CODE SIZE        =    385    ----
   CONSTANT SIZE    =   ----    ----
   XDATA SIZE       =   ----    ----
   PDATA SIZE       =   ----    ----
   DATA SIZE        =      4    ----
   IDATA SIZE       =   ----    ----
   BIT SIZE         =      9    ----
END OF MODULE INFORMATION.


C51 COMPILATION COMPLETE.  0 WARNING(S),  0 ERROR(S)
