C51 COMPILER V9.56.0.0   ONEWIRE                                                           04/09/2022 13:42:37 PAGE 1   


C51 COMPILER V9.56.0.0, COMPILATION OF MODULE ONEWIRE
OBJECT MODULE PLACED IN .\Objects\onewire.obj
COMPILER INVOKED BY: C:\Keil_v5\C51\BIN\C51.EXE onewire.c OPTIMIZE(8,SPEED) BROWSE DEBUG OBJECTEXTEND PRINT(.\Listings\o
                    -newire.lst) TABS(2) OBJECT(.\Objects\onewire.obj)

line level    source

   1          #include "onewire.h"
   2          
   3          #include "REG52.h"
   4          
   5          sbit DQ = P1^4;  
   6          
   7          //单总线内部延时函数
   8          void Delay_OneWire(unsigned int t)  
   9          {
  10   1        unsigned char i;
  11   1        while(t--)
  12   1        {
  13   2        for(i=0;i<12;i++);
  14   2        }
  15   1      }
  16          
  17          //单总线写操作
  18          void Write_DS18B20(unsigned char dat)
  19          {
  20   1        unsigned char i;
  21   1        for(i=0;i<8;i++)
  22   1        {
  23   2          DQ = 0;
  24   2          DQ = dat&0x01;
  25   2          Delay_OneWire(5);
  26   2          DQ = 1;
  27   2          dat >>= 1;
  28   2        }
  29   1        Delay_OneWire(5);
  30   1      }
  31          
  32          //单总线读操作
  33          unsigned char Read_DS18B20(void)
  34          {
  35   1        unsigned char i;
  36   1        unsigned char dat;
  37   1        
  38   1        for(i=0;i<8;i++)
  39   1        {
  40   2          DQ = 0;
  41   2          dat >>= 1;
  42   2          DQ = 1;
  43   2          if(DQ)
  44   2          {
  45   3            dat |= 0x80;
  46   3          }     
  47   2          Delay_OneWire(5);
  48   2        }
  49   1        return dat;
  50   1      }
  51          
  52          //DS18B20初始化
  53          bit init_ds18b20(void)
  54          {
C51 COMPILER V9.56.0.0   ONEWIRE                                                           04/09/2022 13:42:37 PAGE 2   

  55   1          bit initflag = 0;
  56   1          
  57   1          DQ = 1;
  58   1          Delay_OneWire(12);
  59   1          DQ = 0;
  60   1          Delay_OneWire(80);
  61   1          DQ = 1;
  62   1          Delay_OneWire(10); 
  63   1          initflag = DQ;     
  64   1          Delay_OneWire(5);
  65   1        
  66   1          return initflag;
  67   1      }
  68          
  69          float read_temp (void)
  70          {
  71   1      unsigned char low,high;
  72   1      unsigned int tem;
  73   1      float temp;
  74   1      init_ds18b20();
  75   1      Write_DS18B20(0XCC);
  76   1      Write_DS18B20(0X44);  
  77   1      Delay_OneWire(200); 
  78   1      
  79   1      init_ds18b20();
  80   1      Write_DS18B20(0XCC);
  81   1      Write_DS18B20(0XBE);  
  82   1      Delay_OneWire(200);
  83   1      low=Read_DS18B20();
  84   1      high=Read_DS18B20();  
  85   1        
  86   1      high&=0X0F;
  87   1      tem=(high<<8)+low;
  88   1      temp=tem*0.0625;
  89   1      return temp;
  90   1      }


MODULE INFORMATION:   STATIC OVERLAYABLE
   CODE SIZE        =    202    ----
   CONSTANT SIZE    =   ----    ----
   XDATA SIZE       =   ----    ----
   PDATA SIZE       =   ----    ----
   DATA SIZE        =   ----    ----
   IDATA SIZE       =   ----    ----
   BIT SIZE         =   ----       1
END OF MODULE INFORMATION.


C51 COMPILATION COMPLETE.  0 WARNING(S),  0 ERROR(S)
