C51 COMPILER V9.56.0.0   DS1302                                                            04/09/2022 13:42:36 PAGE 1   


C51 COMPILER V9.56.0.0, COMPILATION OF MODULE DS1302
OBJECT MODULE PLACED IN .\Objects\ds1302.obj
COMPILER INVOKED BY: C:\Keil_v5\C51\BIN\C51.EXE ds1302.c OPTIMIZE(8,SPEED) BROWSE DEBUG OBJECTEXTEND PRINT(.\Listings\ds
                    -1302.lst) TABS(2) OBJECT(.\Objects\ds1302.obj)

line level    source

   1          #include "ds1302.h"                   
   2          
   3          #include <REG52.h>
   4          #include <intrins.h>
   5          
   6          sbit SCK = P1^7;    
   7          sbit SDA = P2^3;    
   8          sbit RST = P1^3; 
   9          
  10          //写字节
  11          void Write_Ds1302(unsigned  char temp) 
  12          {
  13   1        unsigned char i;
  14   1        for (i=0;i<8;i++)       
  15   1        { 
  16   2          SCK = 0;
  17   2          SDA = temp&0x01;
  18   2          temp>>=1; 
  19   2          SCK=1;
  20   2        }
  21   1      }   
  22          
  23          //向DS1302寄存器写入数据
  24          void Write_Ds1302_Byte( unsigned char address,unsigned char dat )     
  25          {
  26   1        RST=0;  _nop_();
  27   1        SCK=0;  _nop_();
  28   1        RST=1;  _nop_();  
  29   1        Write_Ds1302(address);  
  30   1        Write_Ds1302(dat);    
  31   1        RST=0; 
  32   1      }
  33          
  34          //从DS1302寄存器读出数据
  35          unsigned char Read_Ds1302_Byte ( unsigned char address )
  36          {
  37   1        unsigned char i,temp=0x00;
  38   1        EA=0;
  39   1        RST=0;  _nop_();
  40   1        SCK=0;  _nop_();
  41   1        RST=1;  _nop_();
  42   1        Write_Ds1302(address);
  43   1        for (i=0;i<8;i++)   
  44   1        {   
  45   2          SCK=0;
  46   2          temp>>=1; 
  47   2          if(SDA)
  48   2          temp|=0x80; 
  49   2          SCK=1;
  50   2        } 
  51   1        RST=0;  _nop_();
  52   1        SCK=0;  _nop_();
  53   1        SCK=1;  _nop_();
  54   1        SDA=0;  _nop_();
C51 COMPILER V9.56.0.0   DS1302                                                            04/09/2022 13:42:36 PAGE 2   

  55   1        SDA=1;  _nop_();
  56   1        EA=1;
  57   1        return (temp);      
  58   1      }


MODULE INFORMATION:   STATIC OVERLAYABLE
   CODE SIZE        =     95    ----
   CONSTANT SIZE    =   ----    ----
   XDATA SIZE       =   ----    ----
   PDATA SIZE       =   ----    ----
   DATA SIZE        =   ----    ----
   IDATA SIZE       =   ----    ----
   BIT SIZE         =   ----    ----
END OF MODULE INFORMATION.


C51 COMPILATION COMPLETE.  0 WARNING(S),  0 ERROR(S)
