C51 COMPILER V9.54   MAIN                                                                  12/27/2022 15:50:12 PAGE 1   


C51 COMPILER V9.54, COMPILATION OF MODULE MAIN
OBJECT MODULE PLACED IN .\Objects\main.obj
COMPILER INVOKED BY: D:\keil5\C51\BIN\C51.EXE main.c OPTIMIZE(8,SPEED) BROWSE DEBUG OBJECTEXTEND PRINT(.\Listings\main.l
                    -st) TABS(2) OBJECT(.\Objects\main.obj)

line level    source

   1          #include<STC15F2K60S2.H>
   2          #include<INTRINS.H>
   3          #include<IIC.H>
   4          unsigned char code t_display[]={                       //标准字库
   5          //   0    1    2    3    4    5    6    7    8    9    A    B    C    D    E    F
   6              0x3F,0x06,0x5B,0x4F,0x66,0x6D,0x7D,0x07,0x7F,0x6F,0x77,0x7C,0x39,0x5E,0x79,0x71,
   7          //black  -     H    J    K    L    N    o   P    U     t    G    Q    r   M    y
   8              0x00,0x40,0x76,0x1E,0x70,0x38,0x37,0x5C,0x73,0x3E,0x78,0x3d,0x67,0x50,0x37,0x6e,
   9              0xBF,0x86,0xDB,0xCF,0xE6,0xED,0xFD,0x87,0xFF,0xEF,0x46};    //0. 1. 2. 3. 4. 5. 6. 7. 8. 9. -1
  10          
  11          unsigned char code T_COM[]={0x01,0x02,0x04,0x08,0x10,0x20,0x40,0x80};      //位码
  12          unsigned char tick_8ms,smg[8],content;
  13          
  14          void Timer1Init(void)   //1毫秒@12.000MHz
  15          {
  16   1        AUXR |= 0x40;   //定时器时钟1T模式
  17   1        TMOD &= 0x0F;   //设置定时器模式
  18   1        TL1 = 0x20;   //设置定时初值
  19   1        TH1 = 0xD1;   //设置定时初值
  20   1        TF1 = 0;    //清除TF1标志
  21   1        TR1 = 1;    //定时器1开始计时
  22   1        ET1 = 1;    //开启定时器1
  23   1        EA  = 1;    //开启总中断
  24   1      }
  25          
  26          void SMG (unsigned char wei,unsigned char duan)
  27          {
  28   1      P2=0XC0;P0=T_COM[wei];P2=0X00;
  29   1      P2=0XE0;P0=~t_display[duan];P2=0X00;
  30   1      }
  31          
  32          
  33          void Delay4ms()   //@12.000MHz
  34          {
  35   1        unsigned char i, j;
  36   1      
  37   1        i = 47;
  38   1        j = 174;
  39   1        do
  40   1        {
  41   2          while (--j);
  42   2        } while (--i);
  43   1      }
  44          
  45          
  46          
  47          
  48          
  49          int main (void)
  50          {
  51   1      P2=0X80;P0=0XFF;P2=0X00;//关闭led
  52   1      P2=0XA0;P0=0X00;P2=0X00;//关闭蜂鸣器关闭继电器
  53   1      //write24c02(0x01,0x03);
  54   1      Delay4ms();
C51 COMPILER V9.54   MAIN                                                                  12/27/2022 15:50:12 PAGE 2   

  55   1      content=read24c02(0x01);  
  56   1      Timer1Init();
  57   1      while(1)
  58   1      {
  59   2      
  60   2      
  61   2      smg[0]=content;
  62   2        
  63   2        
  64   2        
  65   2      }
  66   1      }
  67          
  68          void server (void) interrupt 3
  69          {
  70   1      tick_8ms++;if(tick_8ms==8){tick_8ms=0;}
  71   1      SMG(tick_8ms,smg[tick_8ms]);
  72   1        
  73   1      }


MODULE INFORMATION:   STATIC OVERLAYABLE
   CODE SIZE        =    146    ----
   CONSTANT SIZE    =     51    ----
   XDATA SIZE       =   ----    ----
   PDATA SIZE       =   ----    ----
   DATA SIZE        =     10    ----
   IDATA SIZE       =   ----    ----
   BIT SIZE         =   ----    ----
END OF MODULE INFORMATION.


C51 COMPILATION COMPLETE.  0 WARNING(S),  0 ERROR(S)
