C51 COMPILER V9.54   MAIN                                                                  12/27/2022 15:01:36 PAGE 1   


C51 COMPILER V9.54, COMPILATION OF MODULE MAIN
OBJECT MODULE PLACED IN .\Objects\main.obj
COMPILER INVOKED BY: D:\keil5\C51\BIN\C51.EXE main.c OPTIMIZE(8,SPEED) BROWSE DEBUG OBJECTEXTEND PRINT(.\Listings\main.l
                    -st) TABS(2) OBJECT(.\Objects\main.obj)

line level    source

   1          #include <STC15F2K60S2.H>
   2          #include <INTRINS.H>
   3          #include <STDIO.H>
   4          int num;
   5          
   6          /*若要实现printf重定向*/
   7          
   8          
   9          //发送一个字节数据
  10          //void sendByte(unsigned char dat)
  11          //{
  12          //   SBUF = dat;     //写入发送缓冲寄存器
  13          //   while(!TI);    //等待发送完成，TI发送溢出标志位 置1
  14          //   TI = 0;      //对溢出标志位清零  
  15          //}
  16          
  17          //重写printf调用的putchar函数，重定向到串口输出
  18          //需要引入头文件<stdio.h>
  19          //输出重定向到串口
  20          
  21          char putchar(char c){
  22   1         SBUF = c;     //写入发送缓冲寄存器
  23   1         while(!TI);    //等待发送完成，TI发送溢出标志位 置1
  24   1         TI = 0;      //对溢出标志位清零  
  25   1        return c;  //返回给函数的调用者printf
  26   1      }
  27          
  28          
  29          
  30          
  31          void UartInit(void)   //9600bps@12.000MHz
  32          {
  33   1        SCON = 0x50;    //8位数据,可变波特率
  34   1        AUXR |= 0x40;   //定时器1时钟为Fosc,即1T
  35   1        AUXR &= 0xFE;   //串口1选择定时器1为波特率发生器
  36   1        TMOD &= 0x0F;   //设定定时器1为16位自动重装方式
  37   1        TL1 = 0xC7;   //设定定时初值
  38   1        TH1 = 0xFE;   //设定定时初值
  39   1        ET1 = 0;    //禁止定时器1中断
  40   1        TR1 = 1;    //启动定时器1
  41   1      }
  42          
  43          
  44          void Delay100ms()   //@12.000MHz
  45          {
  46   1        unsigned char i, j, k;
  47   1      
  48   1        _nop_();
  49   1        _nop_();
  50   1        i = 5;
  51   1        j = 144;
  52   1        k = 71;
  53   1        do
  54   1        {
C51 COMPILER V9.54   MAIN                                                                  12/27/2022 15:01:36 PAGE 2   

  55   2          do
  56   2          {
  57   3            while (--k);
  58   3          } while (--j);
  59   2        } while (--i);
  60   1      }
  61          
  62          
  63          int main ()
  64          {
  65   1      P2=0X80;P0=0XFF;P2=0X00;//关闭LED
  66   1      P2=0XA0;P0=0X00;P2=0X00;//关闭蜂鸣器、继电器
  67   1      UartInit();//串口初始化
  68   1      while(1)
  69   1      {
  70   2      printf("OK\r\n");
  71   2      Delay100ms();
  72   2      }
  73   1      }
  74          


MODULE INFORMATION:   STATIC OVERLAYABLE
   CODE SIZE        =     79    ----
   CONSTANT SIZE    =      5    ----
   XDATA SIZE       =   ----    ----
   PDATA SIZE       =   ----    ----
   DATA SIZE        =      2    ----
   IDATA SIZE       =   ----    ----
   BIT SIZE         =   ----    ----
END OF MODULE INFORMATION.


C51 COMPILATION COMPLETE.  0 WARNING(S),  0 ERROR(S)
