C51 COMPILER V9.54   MAIN                                                                  03/23/2023 04:13:56 PAGE 1   


C51 COMPILER V9.54, COMPILATION OF MODULE MAIN
OBJECT MODULE PLACED IN .\Objects\main.obj
COMPILER INVOKED BY: D:\keil5\C51\BIN\C51.EXE main.c OPTIMIZE(8,SPEED) BROWSE DEBUG OBJECTEXTEND PRINT(.\Listings\main.l
                    -st) TABS(2) OBJECT(.\Objects\main.obj)

line level    source

   1          #include "stc15f2k60s2.h"
   2          
   3          unsigned char key_value=99;//键值 
   4          unsigned char tick_8ms,tick_2ms,SMG[8];//8ms时间标志 数码管刷新内容 
   5          
   6          unsigned char code t_display[]={                       //标准字库
   7          //   0    1    2    3    4    5    6    7    8    9    A    B    C    D    E    F
   8              0x3F,0x06,0x5B,0x4F,0x66,0x6D,0x7D,0x07,0x7F,0x6F,0x77,0x7C,0x39,0x5E,0x79,0x71,
   9          //black  -     H    J    K    L    N    o   P    U     t    G    Q    r   M    y
  10              0x00,0x40,0x76,0x1E,0x70,0x38,0x37,0x5C,0x73,0x3E,0x78,0x3d,0x67,0x50,0x37,0x6e,
  11              0xBF,0x86,0xDB,0xCF,0xE6,0xED,0xFD,0x87,0xFF,0xEF,0x46};    //0. 1. 2. 3. 4. 5. 6. 7. 8. 9. -1
  12          
  13          unsigned char code T_COM[]={0x01,0x02,0x04,0x08,0x10,0x20,0x40,0x80};      //位码
  14          
  15          
  16          void smg (unsigned char duan,unsigned char wei)//数码管刷新单元
  17          {
  18   1      P0=0XFF;
  19   1      P2=0XC0;P0=T_COM[duan];P2=0X00;
  20   1      P2=0XE0;P0=~t_display[wei];P2=0X00;
  21   1      }
  22          
  23          void Timer1Init(void)   //1毫秒@12.000MHz
  24          {
  25   1        AUXR |= 0x40;   //定时器时钟1T模式
  26   1        TMOD &= 0x0F;   //设置定时器模式
  27   1        TL1 = 0x20;   //设置定时初值
  28   1        TH1 = 0xD1;   //设置定时初值
  29   1        TF1 = 0;    //清除TF1标志
  30   1        TR1 = 1;    //定时器1开始计时
  31   1        ET1=1;
  32   1        EA=1;
  33   1      }
  34          
  35          void key_task (void)//按键按下执行的任务
  36          {
  37   1      
  38   1      }
  39          
  40          
  41          
  42          //按键读取（不要把它放定时器里，在按键按下时会重复执行key_task()）
  43          unsigned char  read_keyboard (void)
  44          {
  45   1        bit trig=0;//按键触发标志位
  46   1        unsigned char key_val;//键值暂存位
  47   1        trig=0;//触发标志位置零（可以不加）
  48   1        P44=0;P42=1;P35=1;P34=1;//扫描第一列
  49   1          if(P30==0){while(!P30){key_task();}trig=1;key_val=1;}
  50   1          if(P31==0){while(!P31){key_task();}trig=1;key_val=5;} 
  51   1          if(P32==0){while(!P32){key_task();}trig=1;key_val=9;} 
  52   1          if(P33==0){while(!P33){key_task();}trig=1;key_val=13;}
  53   1        P44=1;P42=0;P35=1;P34=1;//扫描第二列
  54   1          if(P30==0){while(!P30){key_task();}trig=1;key_val=2;}
C51 COMPILER V9.54   MAIN                                                                  03/23/2023 04:13:56 PAGE 2   

  55   1          if(P31==0){while(!P31){key_task();}trig=1;key_val=6;} 
  56   1          if(P32==0){while(!P32){key_task();}trig=1;key_val=10;}  
  57   1          if(P33==0){while(!P33){key_task();}trig=1;key_val=14;}
  58   1        P44=1;P42=1;P35=0;P34=1;//扫描第三列
  59   1          if(P30==0){while(!P30){key_task();}trig=1;key_val=3;}
  60   1          if(P31==0){while(!P31){key_task();}trig=1;key_val=7;} 
  61   1          if(P32==0){while(!P32){key_task();}trig=1;key_val=11;}  
  62   1          if(P33==0){while(!P33){key_task();}trig=1;key_val=15;}
  63   1        P44=1;P42=1;P35=1;P34=0;//扫描第四列
  64   1          if(P30==0){while(!P30){key_task();}trig=1;key_val=4;}
  65   1          if(P31==0){while(!P31){key_task();}trig=1;key_val=8;} 
  66   1          if(P32==0){while(!P32){key_task();}trig=1;key_val=12;}  
  67   1          if(P33==0){while(!P33){key_task();}trig=1;key_val=16;}
  68   1      
  69   1          if(!trig){key_val=99;}//若无按键触发则键值为99
  70   1          return key_val;//更新键值
  71   1      }
  72          
  73          
  74          void task_schedule (void)
  75          {
  76   1        if(tick_2ms>=2)
  77   1        {
  78   2          tick_2ms=0;
  79   2          key_value=read_keyboard();//读取键值
  80   2        }
  81   1      }
  82          
  83          
  84          int main (void)
  85          {
  86   1      P2=0X80;P0=0XFF;P2=0X00;//关闭LED外设
  87   1      P2=0XA0;P0=0X00;P2=0X00;//关闭继电器蜂鸣器外设
  88   1      P34=1;P35=1;P42=1;P44=1;//初始化按键引脚
  89   1      Timer1Init();//任务调度定时器初始化
  90   1        while(1)
  91   1        { 
  92   2          task_schedule();
  93   2              key_value=read_keyboard();//读取键值
  94   2          if(key_value!=99){SMG[0]=key_value-1;}  //按键触发改变键值
  95   2        }
  96   1          
  97   1      }
  98          
  99          void server () interrupt 3
 100          { 
 101   1      tick_8ms++;if(tick_8ms==8){tick_8ms=0;}//数码管扫描标志位
 102   1      smg(tick_8ms,SMG[tick_8ms]);//数码管更新  
 103   1      tick_2ms++;
 104   1      }


MODULE INFORMATION:   STATIC OVERLAYABLE
   CODE SIZE        =    455    ----
   CONSTANT SIZE    =     51    ----
   XDATA SIZE       =   ----    ----
   PDATA SIZE       =   ----    ----
   DATA SIZE        =     11    ----
   IDATA SIZE       =   ----    ----
   BIT SIZE         =   ----       1
END OF MODULE INFORMATION.


C51 COMPILATION COMPLETE.  0 WARNING(S),  0 ERROR(S)
