C51 COMPILER V9.54   DS1302                                                                02/22/2022 01:33:02 PAGE 1   


C51 COMPILER V9.54, COMPILATION OF MODULE DS1302
OBJECT MODULE PLACED IN .\Objects\ds1302.obj
COMPILER INVOKED BY: D:\keil5\C51\BIN\C51.EXE ds1302.c OPTIMIZE(8,SPEED) BROWSE DEBUG OBJECTEXTEND PRINT(.\Listings\ds13
                    -02.lst) TABS(2) OBJECT(.\Objects\ds1302.obj)

line level    source

   1          /*
   2            程序说明: DS1302驱动程序
   3            软件环境: Keil uVision 4.10
   4            硬件环境: CT107单片机综合实训平台 8051，12MHz
   5            日    期: 2011-8-9
   6          */
   7          
   8          #include <reg52.h>
   9          #include <intrins.h>
  10          
  11          sbit SCK=P1^7;
  12          sbit SDA=P2^3;
  13          sbit RST = P1^3;   // DS1302复位
  14          
  15          void Write_Ds1302(unsigned  char temp)
  16          {
  17   1          unsigned char i;
  18   1          for (i=0;i<8;i++)
  19   1          {
  20   2              SCK=0;
  21   2              SDA=temp&0x01;
  22   2              temp>>=1;
  23   2              SCK=1;
  24   2          }
  25   1      }
  26          
  27          void Write_Ds1302_Byte( unsigned char address,unsigned char dat )
  28          {
  29   1          RST=0;  _nop_();
  30   1          SCK=0;  _nop_();
  31   1          RST=1;      _nop_();
  32   1          Write_Ds1302(address);
  33   1          Write_Ds1302(dat);
  34   1          RST=0;
  35   1      }
  36          
  37          unsigned char Read_Ds1302_Byte ( unsigned char address )
  38          {
  39   1          unsigned char i,temp=0x00;
  40   1          RST=0;  _nop_();
  41   1          SCK=0;  _nop_();
  42   1          RST=1;  _nop_();
  43   1          Write_Ds1302(address);
  44   1          for (i=0;i<8;i++)
  45   1          {
  46   2              SCK=0;
  47   2              temp>>=1;
  48   2              if(SDA)
  49   2                  temp|=0x80;
  50   2              SCK=1;
  51   2          }
  52   1          RST=0;  _nop_();
  53   1          SCK=0;  _nop_();
  54   1          SCK=1;  _nop_();
C51 COMPILER V9.54   DS1302                                                                02/22/2022 01:33:02 PAGE 2   

  55   1          SDA=0;  _nop_();
  56   1          SDA=1;  _nop_();
  57   1          return (temp);
  58   1      }
  59          
  60          //下面的需要自行添加（来自陈建伟学长的代码）
  61          void wwrite_ds1302(unsigned char* p)
  62          {
  63   1        Write_Ds1302_Byte(0x8e,0x00);
  64   1        Write_Ds1302_Byte(0x80,((p[2]/10)<<4)+p[2]%10);
  65   1        Write_Ds1302_Byte(0x82,((p[1]/10)<<4)+p[1]%10);
  66   1        Write_Ds1302_Byte(0x84,((p[0]/10)<<4)+p[0]%10);
  67   1        Write_Ds1302_Byte(0x8e,0x80);
  68   1      }
  69          void rread_ds1302(unsigned char* p)
  70          {
  71   1        unsigned char temp;
  72   1        temp=Read_Ds1302_Byte(0x81);
  73   1        p[4]=temp/16;
  74   1        p[5]=temp%16;
  75   1        temp=Read_Ds1302_Byte(0x83);
  76   1        p[2]=temp/16;
  77   1        p[3]=temp%16;
  78   1        temp=Read_Ds1302_Byte(0x85);
  79   1        p[0]=temp/16;
  80   1        p[1]=temp%16;
  81   1      }


MODULE INFORMATION:   STATIC OVERLAYABLE
   CODE SIZE        =    250    ----
   CONSTANT SIZE    =   ----    ----
   XDATA SIZE       =   ----    ----
   PDATA SIZE       =   ----    ----
   DATA SIZE        =   ----    ----
   IDATA SIZE       =   ----    ----
   BIT SIZE         =   ----    ----
END OF MODULE INFORMATION.


C51 COMPILATION COMPLETE.  0 WARNING(S),  0 ERROR(S)
