C51 COMPILER V9.54   IIC                                                                   12/27/2022 15:51:46 PAGE 1   


C51 COMPILER V9.54, COMPILATION OF MODULE IIC
OBJECT MODULE PLACED IN .\Objects\iic.obj
COMPILER INVOKED BY: D:\keil5\C51\BIN\C51.EXE iic.c OPTIMIZE(8,SPEED) BROWSE DEBUG OBJECTEXTEND PRINT(.\Listings\iic.lst
                    -) TABS(2) OBJECT(.\Objects\iic.obj)

line level    source

   1          /*
   2            程序说明: IIC总线驱动程序
   3            软件环境: Keil uVision 4.10 
   4            硬件环境: CT107单片机综合实训平台 8051，12MHz
   5            日    期: 2011-8-9
   6          */
   7          
   8          #include "reg52.h"
   9          #include "intrins.h"
  10          
  11          #define DELAY_TIME 5
  12          
  13          #define SlaveAddrW 0xA0
  14          #define SlaveAddrR 0xA1
  15          
  16          //总线引脚定义
  17          sbit SDA = P2^1;  /* 数据线 */
  18          sbit SCL = P2^0;  /* 时钟线 */
  19          
  20          
  21          //此为原来的IIC_Delay需要在里面加上两个nop
  22          // void IIC_Delay(unsigned char i)
  23          // {
  24          //    do{_nop_();}
  25          //    while(i--);        
  26          // }
  27          
  28          void IIC_Delay(unsigned char i)
  29          {
  30   1          do{_nop_();nop_();nop_();}
  31   1          while(i--);        
  32   1      }
  33          
  34          //总线启动条件
  35          void IIC_Start(void)
  36          {
  37   1          SDA = 1;
  38   1          SCL = 1;
  39   1          IIC_Delay(DELAY_TIME);
  40   1          SDA = 0;
  41   1          IIC_Delay(DELAY_TIME);
  42   1          SCL = 0;  
  43   1      }
  44          
  45          //总线停止条件
  46          void IIC_Stop(void)
  47          {
  48   1          SDA = 0;
  49   1          SCL = 1;
  50   1          IIC_Delay(DELAY_TIME);
  51   1          SDA = 1;
  52   1          IIC_Delay(DELAY_TIME);
  53   1      }
  54          
C51 COMPILER V9.54   IIC                                                                   12/27/2022 15:51:46 PAGE 2   

  55          //发送应答
  56          void IIC_SendAck(bit ackbit)
  57          {
  58   1          SCL = 0;
  59   1          SDA = ackbit;           // 0：应答，1：非应答
  60   1          IIC_Delay(DELAY_TIME);
  61   1          SCL = 1;
  62   1          IIC_Delay(DELAY_TIME);
  63   1          SCL = 0; 
  64   1          SDA = 1;
  65   1          IIC_Delay(DELAY_TIME);
  66   1      }
  67          
  68          //等待应答
  69          bit IIC_WaitAck(void)
  70          {
  71   1          bit ackbit;
  72   1        
  73   1          SCL  = 1;
  74   1          IIC_Delay(DELAY_TIME);
  75   1          ackbit = SDA;
  76   1          SCL = 0;
  77   1          IIC_Delay(DELAY_TIME);
  78   1          return ackbit;
  79   1      }
  80          
  81          //通过I2C总线发送数据
  82          void IIC_SendByte(unsigned char byt)
  83          {
  84   1          unsigned char i;
  85   1      
  86   1          for(i=0; i<8; i++)
  87   1          {
  88   2              SCL  = 0;
  89   2              IIC_Delay(DELAY_TIME);
  90   2              if(byt & 0x80) SDA  = 1;
  91   2              else SDA  = 0;
  92   2              IIC_Delay(DELAY_TIME);
  93   2              SCL = 1;
  94   2              byt <<= 1;
  95   2              IIC_Delay(DELAY_TIME);
  96   2          }
  97   1          SCL  = 0;  
  98   1      }
  99          
 100          //从I2C总线上接收数据
 101          unsigned char IIC_RecByte(void)
 102          {
 103   1          unsigned char i, da;
 104   1          for(i=0; i<8; i++)
 105   1          {   
 106   2            SCL = 1;
 107   2        IIC_Delay(DELAY_TIME);
 108   2        da <<= 1;
 109   2        if(SDA) da |= 1;
 110   2        SCL = 0;
 111   2        IIC_Delay(DELAY_TIME);
 112   2          }
 113   1          return da;    
 114   1      }
 115          
 116          
C51 COMPILER V9.54   IIC                                                                   12/27/2022 15:51:46 PAGE 3   

 117          
 118          
 119          
 120          //以下代码需要自行添加
 121          void dac(unsigned char dat)//输入范围（0-255）输出电压（0-5V）根据具体情况看你的板子电压
 122          {
 123   1        IIC_Start();
 124   1        IIC_SendByte(0x90);
 125   1        IIC_WaitAck();
 126   1        IIC_SendByte(0x43);
 127   1        IIC_WaitAck();
 128   1        IIC_SendByte(dat);
 129   1        IIC_WaitAck();
 130   1        IIC_Stop();
 131   1      }
 132          
 133          unsigned char adc(unsigned char addr)//0x01是光敏电阻0x03是RB2
 134          {
 135   1        unsigned char temp;
 136   1        IIC_Start();
 137   1        IIC_SendByte(0x90); 
 138   1        IIC_WaitAck();
 139   1        IIC_SendByte(addr); 
 140   1        IIC_WaitAck();
 141   1        
 142   1        IIC_Start();
 143   1        IIC_SendByte(0x91);
 144   1        IIC_WaitAck();
 145   1        temp=IIC_RecByte();
 146   1        IIC_WaitAck();
 147   1        IIC_Stop();
 148   1        return temp;
 149   1      }


MODULE INFORMATION:   STATIC OVERLAYABLE
   CODE SIZE        =    222    ----
   CONSTANT SIZE    =   ----    ----
   XDATA SIZE       =   ----    ----
   PDATA SIZE       =   ----    ----
   DATA SIZE        =   ----    ----
   IDATA SIZE       =   ----    ----
   BIT SIZE         =   ----       2
END OF MODULE INFORMATION.


C51 COMPILATION COMPLETE.  0 WARNING(S),  0 ERROR(S)
